e:\joshpyburn\school\advanced game programming\final\temp\vc141.pdb
e:\joshpyburn\school\advanced game programming\final\temp\inputhandler.obj
e:\joshpyburn\school\advanced game programming\final\temp\gameobject.obj
e:\joshpyburn\school\advanced game programming\final\temp\objectfactory.obj
e:\joshpyburn\school\advanced game programming\final\temp\minimap.obj
e:\joshpyburn\school\advanced game programming\final\temp\powerupcomponent.obj
e:\joshpyburn\school\advanced game programming\final\temp\particleemitter.obj
e:\joshpyburn\school\advanced game programming\final\temp\node.obj
e:\joshpyburn\school\advanced game programming\final\temp\forcefieldcomponent.obj
e:\joshpyburn\school\advanced game programming\final\temp\expiration.obj
e:\joshpyburn\school\advanced game programming\final\temp\evade.obj
e:\joshpyburn\school\advanced game programming\final\temp\engine.obj
e:\joshpyburn\school\advanced game programming\final\temp\drone.obj
e:\joshpyburn\school\advanced game programming\final\temp\distanceselectornode.obj
e:\joshpyburn\school\advanced game programming\final\temp\chasebehavior.obj
e:\joshpyburn\school\advanced game programming\final\temp\contactlistener.obj
e:\joshpyburn\school\advanced game programming\final\temp\component.obj
e:\joshpyburn\school\advanced game programming\final\temp\b2debug.obj
e:\joshpyburn\school\advanced game programming\final\temp\autofirecomponent.obj
e:\joshpyburn\school\advanced game programming\final\temp\audiolibrary.obj
e:\joshpyburn\school\advanced game programming\final\temp\accelerate.obj
e:\joshpyburn\school\advanced game programming\final\temp\userinputcomponent.obj
e:\joshpyburn\school\advanced game programming\final\temp\graphicsdevice.obj
e:\joshpyburn\school\advanced game programming\final\temp\timer.obj
e:\joshpyburn\school\advanced game programming\final\temp\texturelibrary.obj
e:\joshpyburn\school\advanced game programming\final\temp\texture.obj
e:\joshpyburn\school\advanced game programming\final\temp\steering.obj
e:\joshpyburn\school\advanced game programming\final\temp\spritecomponent.obj
e:\joshpyburn\school\advanced game programming\final\temp\sounddevice.obj
e:\joshpyburn\school\advanced game programming\final\temp\sound.obj
e:\joshpyburn\school\advanced game programming\final\temp\selectsteeringnode.obj
e:\joshpyburn\school\advanced game programming\final\temp\ridgidbodycomponent.obj
e:\joshpyburn\school\advanced game programming\final\temp\retreatnode.obj
e:\joshpyburn\school\advanced game programming\final\temp\powerupfactory.obj
e:\joshpyburn\school\advanced game programming\final\temp\fragbehavior.obj
e:\joshpyburn\school\advanced game programming\final\temp\physicsdevice.obj
e:\joshpyburn\school\advanced game programming\final\temp\peashooter.obj
e:\joshpyburn\school\advanced game programming\final\temp\objectlistcomponent.obj
e:\joshpyburn\school\advanced game programming\final\temp\missilelauncher.obj
e:\joshpyburn\school\advanced game programming\final\temp\main.obj
e:\joshpyburn\school\advanced game programming\final\temp\integritycomponent.obj
e:\joshpyburn\school\advanced game programming\final\temp\tinyxml2.obj
e:\joshpyburn\school\advanced game programming\final\temp\particle.obj
e:\joshpyburn\school\advanced game programming\final\game\planetoids.ipdb
e:\joshpyburn\school\advanced game programming\final\game\planetoids.iobj
e:\joshpyburn\school\advanced game programming\final\game\planetoids.pdb
e:\joshpyburn\school\advanced game programming\final\temp\planetoids.tlog\cl.command.1.tlog
e:\joshpyburn\school\advanced game programming\final\temp\planetoids.tlog\cl.read.1.tlog
e:\joshpyburn\school\advanced game programming\final\temp\planetoids.tlog\cl.write.1.tlog
e:\joshpyburn\school\advanced game programming\final\temp\planetoids.tlog\link.command.1.tlog
e:\joshpyburn\school\advanced game programming\final\temp\planetoids.tlog\link.read.1.tlog
e:\joshpyburn\school\advanced game programming\final\temp\planetoids.tlog\link.write.1.tlog
e:\joshpyburn\school\advanced game programming\final\temp\planetoids.tlog\planetoids.write.1u.tlog
